This file contains any messages produced by compilers while
running configure, to aid debugging if configure makes a mistake.

It was created by PCRE configure 7.9, which was
generated by GNU Autoconf 2.63.  Invocation command line was

  $ ./configure --disable-shared

## --------- ##
## Platform. ##
## --------- ##

hostname = AY140607183050278fb7Z
uname -m = x86_64
uname -r = 3.2.0-29-generic
uname -s = Linux
uname -v = #46-Ubuntu SMP Fri Jul 27 17:03:23 UTC 2012

/usr/bin/uname -p = unknown
/bin/uname -X     = unknown

/bin/arch              = unknown
/usr/bin/arch -k       = unknown
/usr/convex/getsysinfo = unknown
/usr/bin/hostinfo      = unknown
/bin/machine           = unknown
/usr/bin/oslevel       = unknown
/bin/universe          = unknown

PATH: /home/admin/.rvm/gems/ruby-1.9.2-head/bin
PATH: /home/admin/.rvm/gems/ruby-1.9.2-head@global/bin
PATH: /home/admin/.rvm/rubies/ruby-1.9.2-head/bin
PATH: /usr/local/sbin
PATH: /usr/local/bin
PATH: /usr/sbin
PATH: /usr/bin
PATH: /sbin
PATH: /bin
PATH: /usr/games
PATH: /home/admin/.rvm/bin
PATH: /home/admin/.rvm/bin


## ----------- ##
## Core tests. ##
## ----------- ##

configure:2156: checking for a BSD-compatible install
configure:2224: result: /usr/bin/install -c
configure:2235: checking whether build environment is sane
configure:2278: result: yes
configure:2303: checking for a thread-safe mkdir -p
configure:2342: result: /bin/mkdir -p
configure:2355: checking for gawk
configure:2371: found /usr/bin/gawk
configure:2382: result: gawk
configure:2393: checking whether make sets $(MAKE)
configure:2415: result: yes
configure:2663: checking for gcc
configure:2690: result: gcc
configure:2922: checking for C compiler version
configure:2930: gcc --version >&5
gcc (Ubuntu/Linaro 4.6.3-1ubuntu5) 4.6.3
Copyright (C) 2011 Free Software Foundation, Inc.
This is free software; see the source for copying conditions.  There is NO
warranty; not even for MERCHANTABILITY or FITNESS FOR A PARTICULAR PURPOSE.

configure:2934: $? = 0
configure:2941: gcc -v >&5
Using built-in specs.
COLLECT_GCC=gcc
COLLECT_LTO_WRAPPER=/usr/lib/gcc/x86_64-linux-gnu/4.6/lto-wrapper
Target: x86_64-linux-gnu
Configured with: ../src/configure -v --with-pkgversion='Ubuntu/Linaro 4.6.3-1ubuntu5' --with-bugurl=file:///usr/share/doc/gcc-4.6/README.Bugs --enable-languages=c,c++,fortran,objc,obj-c++ --prefix=/usr --program-suffix=-4.6 --enable-shared --enable-linker-build-id --with-system-zlib --libexecdir=/usr/lib --without-included-gettext --enable-threads=posix --with-gxx-include-dir=/usr/include/c++/4.6 --libdir=/usr/lib --enable-nls --with-sysroot=/ --enable-clocale=gnu --enable-libstdcxx-debug --enable-libstdcxx-time=yes --enable-gnu-unique-object --enable-plugin --enable-objc-gc --disable-werror --with-arch-32=i686 --with-tune=generic --enable-checking=release --build=x86_64-linux-gnu --host=x86_64-linux-gnu --target=x86_64-linux-gnu
Thread model: posix
gcc version 4.6.3 (Ubuntu/Linaro 4.6.3-1ubuntu5) 
configure:2945: $? = 0
configure:2952: gcc -V >&5
gcc: error: unrecognized option '-V'
gcc: fatal error: no input files
compilation terminated.
configure:2956: $? = 4
configure:2979: checking for C compiler default output file name
configure:3001: gcc -O2 -fomit-frame-pointer -pipe    conftest.c  >&5
configure:3005: $? = 0
configure:3043: result: a.out
configure:3062: checking whether the C compiler works
configure:3072: ./a.out
configure:3076: $? = 0
configure:3095: result: yes
configure:3102: checking whether we are cross compiling
configure:3104: result: no
configure:3107: checking for suffix of executables
configure:3114: gcc -o conftest -O2 -fomit-frame-pointer -pipe    conftest.c  >&5
configure:3118: $? = 0
configure:3144: result: 
configure:3150: checking for suffix of object files
configure:3176: gcc -c -O2 -fomit-frame-pointer -pipe   conftest.c >&5
configure:3180: $? = 0
configure:3205: result: o
configure:3209: checking whether we are using the GNU C compiler
configure:3238: gcc -c -O2 -fomit-frame-pointer -pipe   conftest.c >&5
configure:3245: $? = 0
configure:3262: result: yes
configure:3271: checking whether gcc accepts -g
configure:3301: gcc -c -g  conftest.c >&5
configure:3308: $? = 0
configure:3409: result: yes
configure:3426: checking for gcc option to accept ISO C89
configure:3500: gcc  -c -O2 -fomit-frame-pointer -pipe   conftest.c >&5
configure:3507: $? = 0
configure:3530: result: none needed
configure:3559: checking for style of include used by make
configure:3587: result: GNU
configure:3612: checking dependency style of gcc
configure:3703: result: gcc3
configure:3776: checking for g++
configure:3792: found /usr/bin/g++
configure:3803: result: g++
configure:3830: checking for C++ compiler version
configure:3838: g++ --version >&5
g++ (Ubuntu/Linaro 4.6.3-1ubuntu5) 4.6.3
Copyright (C) 2011 Free Software Foundation, Inc.
This is free software; see the source for copying conditions.  There is NO
warranty; not even for MERCHANTABILITY or FITNESS FOR A PARTICULAR PURPOSE.

configure:3842: $? = 0
configure:3849: g++ -v >&5
Using built-in specs.
COLLECT_GCC=g++
COLLECT_LTO_WRAPPER=/usr/lib/gcc/x86_64-linux-gnu/4.6/lto-wrapper
Target: x86_64-linux-gnu
Configured with: ../src/configure -v --with-pkgversion='Ubuntu/Linaro 4.6.3-1ubuntu5' --with-bugurl=file:///usr/share/doc/gcc-4.6/README.Bugs --enable-languages=c,c++,fortran,objc,obj-c++ --prefix=/usr --program-suffix=-4.6 --enable-shared --enable-linker-build-id --with-system-zlib --libexecdir=/usr/lib --without-included-gettext --enable-threads=posix --with-gxx-include-dir=/usr/include/c++/4.6 --libdir=/usr/lib --enable-nls --with-sysroot=/ --enable-clocale=gnu --enable-libstdcxx-debug --enable-libstdcxx-time=yes --enable-gnu-unique-object --enable-plugin --enable-objc-gc --disable-werror --with-arch-32=i686 --with-tune=generic --enable-checking=release --build=x86_64-linux-gnu --host=x86_64-linux-gnu --target=x86_64-linux-gnu
Thread model: posix
gcc version 4.6.3 (Ubuntu/Linaro 4.6.3-1ubuntu5) 
configure:3853: $? = 0
configure:3860: g++ -V >&5
g++: error: unrecognized option '-V'
g++: fatal error: no input files
compilation terminated.
configure:3864: $? = 4
configure:3867: checking whether we are using the GNU C++ compiler
configure:3896: g++ -c   conftest.cpp >&5
configure:3903: $? = 0
configure:3920: result: yes
configure:3929: checking whether g++ accepts -g
configure:3959: g++ -c -g  conftest.cpp >&5
configure:3966: $? = 0
configure:4067: result: yes
configure:4092: checking dependency style of g++
configure:4183: result: gcc3
configure:4251: g++ -c -O2  conftest.cpp >&5
configure:4258: $? = 0
configure:4293: checking for a BSD-compatible install
configure:4361: result: /usr/bin/install -c
configure:4452: checking build system type
configure:4470: result: x86_64-unknown-linux-gnu
configure:4492: checking host system type
configure:4507: result: x86_64-unknown-linux-gnu
configure:4529: checking for a sed that does not truncate output
configure:4585: result: /bin/sed
configure:4588: checking for grep that handles long lines and -e
configure:4648: result: /bin/grep
configure:4653: checking for egrep
configure:4717: result: /bin/grep -E
configure:4733: checking for ld used by gcc
configure:4800: result: /usr/bin/ld
configure:4809: checking if the linker (/usr/bin/ld) is GNU ld
configure:4824: result: yes
configure:4829: checking for /usr/bin/ld option to reload object files
configure:4836: result: -r
configure:4854: checking for BSD-compatible nm
configure:4903: result: /usr/bin/nm -B
configure:4907: checking whether ln -s works
configure:4911: result: yes
configure:4918: checking how to recognize dependent libraries
configure:5104: result: pass_all
configure:5193: gcc -c -O2 -fomit-frame-pointer -pipe   conftest.c >&5
configure:5196: $? = 0
configure:5631: checking how to run the C preprocessor
configure:5671: gcc -E  conftest.c
configure:5678: $? = 0
configure:5709: gcc -E  conftest.c
conftest.c:10:28: fatal error: ac_nonexistent.h: No such file or directory
compilation terminated.
configure:5716: $? = 1
configure: failed program was:
| /* confdefs.h.  */
| #define PACKAGE_NAME "PCRE"
| #define PACKAGE_TARNAME "pcre"
| #define PACKAGE_VERSION "7.9"
| #define PACKAGE_STRING "PCRE 7.9"
| #define PACKAGE_BUGREPORT ""
| #define PACKAGE "pcre"
| #define VERSION "7.9"
| /* end confdefs.h.  */
| #include <ac_nonexistent.h>
configure:5749: result: gcc -E
configure:5778: gcc -E  conftest.c
configure:5785: $? = 0
configure:5816: gcc -E  conftest.c
conftest.c:10:28: fatal error: ac_nonexistent.h: No such file or directory
compilation terminated.
configure:5823: $? = 1
configure: failed program was:
| /* confdefs.h.  */
| #define PACKAGE_NAME "PCRE"
| #define PACKAGE_TARNAME "pcre"
| #define PACKAGE_VERSION "7.9"
| #define PACKAGE_STRING "PCRE 7.9"
| #define PACKAGE_BUGREPORT ""
| #define PACKAGE "pcre"
| #define VERSION "7.9"
| /* end confdefs.h.  */
| #include <ac_nonexistent.h>
configure:5863: checking for ANSI C header files
configure:5893: gcc -c -O2 -fomit-frame-pointer -pipe   conftest.c >&5
configure:5900: $? = 0
configure:5999: gcc -o conftest -O2 -fomit-frame-pointer -pipe    conftest.c  >&5
configure:6003: $? = 0
configure:6009: ./conftest
configure:6013: $? = 0
configure:6031: result: yes
configure:6055: checking for sys/types.h
configure:6076: gcc -c -O2 -fomit-frame-pointer -pipe   conftest.c >&5
configure:6083: $? = 0
configure:6100: result: yes
configure:6055: checking for sys/stat.h
configure:6076: gcc -c -O2 -fomit-frame-pointer -pipe   conftest.c >&5
configure:6083: $? = 0
configure:6100: result: yes
configure:6055: checking for stdlib.h
configure:6076: gcc -c -O2 -fomit-frame-pointer -pipe   conftest.c >&5
configure:6083: $? = 0
configure:6100: result: yes
configure:6055: checking for string.h
configure:6076: gcc -c -O2 -fomit-frame-pointer -pipe   conftest.c >&5
configure:6083: $? = 0
configure:6100: result: yes
configure:6055: checking for memory.h
configure:6076: gcc -c -O2 -fomit-frame-pointer -pipe   conftest.c >&5
configure:6083: $? = 0
configure:6100: result: yes
configure:6055: checking for strings.h
configure:6076: gcc -c -O2 -fomit-frame-pointer -pipe   conftest.c >&5
configure:6083: $? = 0
configure:6100: result: yes
configure:6055: checking for inttypes.h
configure:6076: gcc -c -O2 -fomit-frame-pointer -pipe   conftest.c >&5
configure:6083: $? = 0
configure:6100: result: yes
configure:6055: checking for stdint.h
configure:6076: gcc -c -O2 -fomit-frame-pointer -pipe   conftest.c >&5
configure:6083: $? = 0
configure:6100: result: yes
configure:6055: checking for unistd.h
configure:6076: gcc -c -O2 -fomit-frame-pointer -pipe   conftest.c >&5
configure:6083: $? = 0
configure:6100: result: yes
configure:6130: checking dlfcn.h usability
configure:6147: gcc -c -O2 -fomit-frame-pointer -pipe   conftest.c >&5
configure:6154: $? = 0
configure:6168: result: yes
configure:6172: checking dlfcn.h presence
configure:6187: gcc -E  conftest.c
configure:6194: $? = 0
configure:6208: result: yes
configure:6236: checking for dlfcn.h
configure:6245: result: yes
configure:6270: checking how to run the C++ preprocessor
configure:6306: g++ -E  conftest.cpp
configure:6313: $? = 0
configure:6344: g++ -E  conftest.cpp
conftest.cpp:21:28: fatal error: ac_nonexistent.h: No such file or directory
compilation terminated.
configure:6351: $? = 1
configure: failed program was:
| /* confdefs.h.  */
| #define PACKAGE_NAME "PCRE"
| #define PACKAGE_TARNAME "pcre"
| #define PACKAGE_VERSION "7.9"
| #define PACKAGE_STRING "PCRE 7.9"
| #define PACKAGE_BUGREPORT ""
| #define PACKAGE "pcre"
| #define VERSION "7.9"
| #define STDC_HEADERS 1
| #define HAVE_SYS_TYPES_H 1
| #define HAVE_SYS_STAT_H 1
| #define HAVE_STDLIB_H 1
| #define HAVE_STRING_H 1
| #define HAVE_MEMORY_H 1
| #define HAVE_STRINGS_H 1
| #define HAVE_INTTYPES_H 1
| #define HAVE_STDINT_H 1
| #define HAVE_UNISTD_H 1
| #define HAVE_DLFCN_H 1
| /* end confdefs.h.  */
| #include <ac_nonexistent.h>
configure:6384: result: g++ -E
configure:6413: g++ -E  conftest.cpp
configure:6420: $? = 0
configure:6451: g++ -E  conftest.cpp
conftest.cpp:21:28: fatal error: ac_nonexistent.h: No such file or directory
compilation terminated.
configure:6458: $? = 1
configure: failed program was:
| /* confdefs.h.  */
| #define PACKAGE_NAME "PCRE"
| #define PACKAGE_TARNAME "pcre"
| #define PACKAGE_VERSION "7.9"
| #define PACKAGE_STRING "PCRE 7.9"
| #define PACKAGE_BUGREPORT ""
| #define PACKAGE "pcre"
| #define VERSION "7.9"
| #define STDC_HEADERS 1
| #define HAVE_SYS_TYPES_H 1
| #define HAVE_SYS_STAT_H 1
| #define HAVE_STDLIB_H 1
| #define HAVE_STRING_H 1
| #define HAVE_MEMORY_H 1
| #define HAVE_STRINGS_H 1
| #define HAVE_INTTYPES_H 1
| #define HAVE_STDINT_H 1
| #define HAVE_UNISTD_H 1
| #define HAVE_DLFCN_H 1
| /* end confdefs.h.  */
| #include <ac_nonexistent.h>
configure:6552: checking for g77
configure:6582: result: no
configure:6552: checking for xlf
configure:6582: result: no
configure:6552: checking for f77
configure:6582: result: no
configure:6552: checking for frt
configure:6582: result: no
configure:6552: checking for pgf77
configure:6582: result: no
configure:6552: checking for cf77
configure:6582: result: no
configure:6552: checking for fort77
configure:6582: result: no
configure:6552: checking for fl32
configure:6582: result: no
configure:6552: checking for af77
configure:6582: result: no
configure:6552: checking for xlf90
configure:6582: result: no
configure:6552: checking for f90
configure:6582: result: no
configure:6552: checking for pgf90
configure:6582: result: no
configure:6552: checking for pghpf
configure:6582: result: no
configure:6552: checking for epcf90
configure:6582: result: no
configure:6552: checking for gfortran
configure:6582: result: no
configure:6552: checking for g95
configure:6582: result: no
configure:6552: checking for xlf95
configure:6582: result: no
configure:6552: checking for f95
configure:6582: result: no
configure:6552: checking for fort
configure:6582: result: no
configure:6552: checking for ifort
configure:6582: result: no
configure:6552: checking for ifc
configure:6582: result: no
configure:6552: checking for efc
configure:6582: result: no
configure:6552: checking for pgf95
configure:6582: result: no
configure:6552: checking for lf95
configure:6582: result: no
configure:6552: checking for ftn
configure:6582: result: no
configure:6605: checking for Fortran 77 compiler version
configure:6613:  --version >&5
./configure: line 6615: --version: command not found
configure:6617: $? = 127
configure:6624:  -v >&5
./configure: line 6626: -v: command not found
configure:6628: $? = 127
configure:6635:  -V >&5
./configure: line 6637: -V: command not found
configure:6639: $? = 127
configure:6647: checking whether we are using the GNU Fortran 77 compiler
configure:6666:  -c  conftest.F >&5
./configure: line 6668: -c: command not found
configure:6673: $? = 127
configure: failed program was:
|       program main
| #ifndef __GNUC__
|        choke me
| #endif
| 
|       end
configure:6690: result: no
configure:6696: checking whether  accepts -g
configure:6713:  -c -g conftest.f >&5
./configure: line 6715: -c: command not found
configure:6720: $? = 127
configure: failed program was:
|       program main
| 
|       end
configure:6736: result: no
configure:6769: checking the maximum length of command line arguments
configure:6881: result: 3458764513820540925
configure:6893: checking command to parse /usr/bin/nm -B output from gcc object
configure:6998: gcc -c -O2 -fomit-frame-pointer -pipe   conftest.c >&5
configure:7001: $? = 0
configure:7005: /usr/bin/nm -B conftest.o \| sed -n -e 's/^.*[ 	]\([ABCDGIRSTW][ABCDGIRSTW]*\)[ 	][ 	]*\([_A-Za-z][_A-Za-z0-9]*\)$/\1 \2 \2/p' \> conftest.nm
configure:7008: $? = 0
configure:7060: gcc -o conftest -O2 -fomit-frame-pointer -pipe    conftest.c conftstm.o >&5
configure:7063: $? = 0
configure:7101: result: ok
configure:7105: checking for objdir
configure:7120: result: .libs
configure:7212: checking for ar
configure:7228: found /usr/bin/ar
configure:7239: result: ar
configure:7304: checking for ranlib
configure:7320: found /usr/bin/ranlib
configure:7331: result: ranlib
configure:7396: checking for strip
configure:7412: found /usr/bin/strip
configure:7423: result: strip
configure:7964: checking for correct ltmain.sh version
configure:8014: result: yes
configure:8074: checking if gcc supports -fno-rtti -fno-exceptions
configure:8092: gcc -c -O2 -fomit-frame-pointer -pipe   -fno-rtti -fno-exceptions conftest.c >&5
cc1: warning: command line option '-fno-rtti' is valid for C++/ObjC++ but not for C [enabled by default]
configure:8096: $? = 0
configure:8109: result: no
configure:8124: checking for gcc option to produce PIC
configure:8356: result: -fPIC
configure:8364: checking if gcc PIC flag -fPIC works
configure:8382: gcc -c -O2 -fomit-frame-pointer -pipe   -fPIC -DPIC conftest.c >&5
configure:8386: $? = 0
configure:8399: result: yes
configure:8427: checking if gcc static flag -static works
configure:8455: result: yes
configure:8465: checking if gcc supports -c -o file.o
configure:8486: gcc -c -O2 -fomit-frame-pointer -pipe   -o out/conftest2.o conftest.c >&5
configure:8490: $? = 0
configure:8512: result: yes
configure:8538: checking whether the gcc linker (/usr/bin/ld -m elf_x86_64) supports shared libraries
configure:9526: result: yes
configure:9593: checking dynamic linker characteristics
configure:10208: result: GNU/Linux ld.so
configure:10232: checking how to hardcode library paths into programs
configure:10257: result: immediate
configure:10271: checking whether stripping libraries is possible
configure:10276: result: yes
configure:11106: checking if libtool supports shared libraries
configure:11108: result: yes
configure:11111: checking whether to build shared libraries
configure:11132: result: no
configure:11135: checking whether to build static libraries
configure:11139: result: yes
configure:11233: creating libtool
configure:11826: checking for ld used by g++
configure:11893: result: /usr/bin/ld -m elf_x86_64
configure:11902: checking if the linker (/usr/bin/ld -m elf_x86_64) is GNU ld
configure:11917: result: yes
configure:11968: checking whether the g++ linker (/usr/bin/ld -m elf_x86_64) supports shared libraries
configure:12922: result: yes
configure:12939: g++ -c -O2  conftest.cpp >&5
configure:12942: $? = 0
configure:13098: checking for g++ option to produce PIC
configure:13382: result: -fPIC
configure:13390: checking if g++ PIC flag -fPIC works
configure:13408: g++ -c -O2  -fPIC -DPIC conftest.cpp >&5
configure:13412: $? = 0
configure:13425: result: yes
configure:13453: checking if g++ static flag -static works
configure:13481: result: yes
configure:13491: checking if g++ supports -c -o file.o
configure:13512: g++ -c -O2  -o out/conftest2.o conftest.cpp >&5
configure:13516: $? = 0
configure:13538: result: yes
configure:13564: checking whether the g++ linker (/usr/bin/ld -m elf_x86_64) supports shared libraries
configure:13590: result: yes
configure:13657: checking dynamic linker characteristics
configure:14220: result: GNU/Linux ld.so
configure:14244: checking how to hardcode library paths into programs
configure:14269: result: immediate
configure:20532: checking whether ln -s works
configure:20536: result: yes
configure:20791: checking for ANSI C header files
configure:20959: result: yes
configure:20989: checking limits.h usability
configure:21006: gcc -c -O2 -fomit-frame-pointer -pipe   conftest.c >&5
configure:21013: $? = 0
configure:21027: result: yes
configure:21031: checking limits.h presence
configure:21046: gcc -E  conftest.c
configure:21053: $? = 0
configure:21067: result: yes
configure:21095: checking for limits.h
configure:21104: result: yes
configure:20978: checking for sys/types.h
configure:20985: result: yes
configure:20978: checking for sys/stat.h
configure:20985: result: yes
configure:20989: checking dirent.h usability
configure:21006: gcc -c -O2 -fomit-frame-pointer -pipe   conftest.c >&5
configure:21013: $? = 0
configure:21027: result: yes
configure:21031: checking dirent.h presence
configure:21046: gcc -E  conftest.c
configure:21053: $? = 0
configure:21067: result: yes
configure:21095: checking for dirent.h
configure:21104: result: yes
configure:20989: checking windows.h usability
configure:21006: gcc -c -O2 -fomit-frame-pointer -pipe   conftest.c >&5
conftest.c:59:21: fatal error: windows.h: No such file or directory
compilation terminated.
configure:21013: $? = 1
configure: failed program was:
| /* confdefs.h.  */
| #define PACKAGE_NAME "PCRE"
| #define PACKAGE_TARNAME "pcre"
| #define PACKAGE_VERSION "7.9"
| #define PACKAGE_STRING "PCRE 7.9"
| #define PACKAGE_BUGREPORT ""
| #define PACKAGE "pcre"
| #define VERSION "7.9"
| #define STDC_HEADERS 1
| #define HAVE_SYS_TYPES_H 1
| #define HAVE_SYS_STAT_H 1
| #define HAVE_STDLIB_H 1
| #define HAVE_STRING_H 1
| #define HAVE_MEMORY_H 1
| #define HAVE_STRINGS_H 1
| #define HAVE_INTTYPES_H 1
| #define HAVE_STDINT_H 1
| #define HAVE_UNISTD_H 1
| #define HAVE_DLFCN_H 1
| #define STDC_HEADERS 1
| #define HAVE_LIMITS_H 1
| #define HAVE_SYS_TYPES_H 1
| #define HAVE_SYS_STAT_H 1
| #define HAVE_DIRENT_H 1
| /* end confdefs.h.  */
| #include <stdio.h>
| #ifdef HAVE_SYS_TYPES_H
| # include <sys/types.h>
| #endif
| #ifdef HAVE_SYS_STAT_H
| # include <sys/stat.h>
| #endif
| #ifdef STDC_HEADERS
| # include <stdlib.h>
| # include <stddef.h>
| #else
| # ifdef HAVE_STDLIB_H
| #  include <stdlib.h>
| # endif
| #endif
| #ifdef HAVE_STRING_H
| # if !defined STDC_HEADERS && defined HAVE_MEMORY_H
| #  include <memory.h>
| # endif
| # include <string.h>
| #endif
| #ifdef HAVE_STRINGS_H
| # include <strings.h>
| #endif
| #ifdef HAVE_INTTYPES_H
| # include <inttypes.h>
| #endif
| #ifdef HAVE_STDINT_H
| # include <stdint.h>
| #endif
| #ifdef HAVE_UNISTD_H
| # include <unistd.h>
| #endif
| #include <windows.h>
configure:21027: result: no
configure:21031: checking windows.h presence
configure:21046: gcc -E  conftest.c
conftest.c:26:21: fatal error: windows.h: No such file or directory
compilation terminated.
configure:21053: $? = 1
configure: failed program was:
| /* confdefs.h.  */
| #define PACKAGE_NAME "PCRE"
| #define PACKAGE_TARNAME "pcre"
| #define PACKAGE_VERSION "7.9"
| #define PACKAGE_STRING "PCRE 7.9"
| #define PACKAGE_BUGREPORT ""
| #define PACKAGE "pcre"
| #define VERSION "7.9"
| #define STDC_HEADERS 1
| #define HAVE_SYS_TYPES_H 1
| #define HAVE_SYS_STAT_H 1
| #define HAVE_STDLIB_H 1
| #define HAVE_STRING_H 1
| #define HAVE_MEMORY_H 1
| #define HAVE_STRINGS_H 1
| #define HAVE_INTTYPES_H 1
| #define HAVE_STDINT_H 1
| #define HAVE_UNISTD_H 1
| #define HAVE_DLFCN_H 1
| #define STDC_HEADERS 1
| #define HAVE_LIMITS_H 1
| #define HAVE_SYS_TYPES_H 1
| #define HAVE_SYS_STAT_H 1
| #define HAVE_DIRENT_H 1
| /* end confdefs.h.  */
| #include <windows.h>
configure:21067: result: no
configure:21095: checking for windows.h
configure:21104: result: no
configure:21140: checking for alias support in the linker
configure:21169: g++ -o conftest -O2   -Wl,-alias,__ZN7pcrecpp2RE6no_argE,__ZN7pcrecpp6no_argE conftest.cpp  >&5
/usr/bin/ld: unrecognized -a option `lias'
collect2: ld returned 1 exit status
configure:21176: $? = 1
configure: failed program was:
| /* confdefs.h.  */
| #define PACKAGE_NAME "PCRE"
| #define PACKAGE_TARNAME "pcre"
| #define PACKAGE_VERSION "7.9"
| #define PACKAGE_STRING "PCRE 7.9"
| #define PACKAGE_BUGREPORT ""
| #define PACKAGE "pcre"
| #define VERSION "7.9"
| #define STDC_HEADERS 1
| #define HAVE_SYS_TYPES_H 1
| #define HAVE_SYS_STAT_H 1
| #define HAVE_STDLIB_H 1
| #define HAVE_STRING_H 1
| #define HAVE_MEMORY_H 1
| #define HAVE_STRINGS_H 1
| #define HAVE_INTTYPES_H 1
| #define HAVE_STDINT_H 1
| #define HAVE_UNISTD_H 1
| #define HAVE_DLFCN_H 1
| #define STDC_HEADERS 1
| #define HAVE_LIMITS_H 1
| #define HAVE_SYS_TYPES_H 1
| #define HAVE_SYS_STAT_H 1
| #define HAVE_DIRENT_H 1
| /* end confdefs.h.  */
| namespace pcrecpp {
|                                     class RE { static int no_arg; };
|                                     int RE::no_arg;
|                                   }
| int
| main ()
| {
| 
|   ;
|   return 0;
| }
configure:21192: result: no
configure:21140: checking for alias support in the linker
configure:21169: g++ -o conftest -O2   -Wl,-i__ZN7pcrecpp6no_argE:__ZN7pcrecpp2RE6no_argE conftest.cpp  >&5
/usr/bin/ld: bad -rpath option
collect2: ld returned 1 exit status
configure:21176: $? = 1
configure: failed program was:
| /* confdefs.h.  */
| #define PACKAGE_NAME "PCRE"
| #define PACKAGE_TARNAME "pcre"
| #define PACKAGE_VERSION "7.9"
| #define PACKAGE_STRING "PCRE 7.9"
| #define PACKAGE_BUGREPORT ""
| #define PACKAGE "pcre"
| #define VERSION "7.9"
| #define STDC_HEADERS 1
| #define HAVE_SYS_TYPES_H 1
| #define HAVE_SYS_STAT_H 1
| #define HAVE_STDLIB_H 1
| #define HAVE_STRING_H 1
| #define HAVE_MEMORY_H 1
| #define HAVE_STRINGS_H 1
| #define HAVE_INTTYPES_H 1
| #define HAVE_STDINT_H 1
| #define HAVE_UNISTD_H 1
| #define HAVE_DLFCN_H 1
| #define STDC_HEADERS 1
| #define HAVE_LIMITS_H 1
| #define HAVE_SYS_TYPES_H 1
| #define HAVE_SYS_STAT_H 1
| #define HAVE_DIRENT_H 1
| /* end confdefs.h.  */
| namespace pcrecpp {
|                                     class RE { static int no_arg; };
|                                     int RE::no_arg;
|                                   }
| int
| main ()
| {
| 
|   ;
|   return 0;
| }
configure:21192: result: no
configure:21222: checking string usability
configure:21239: g++ -c -O2  conftest.cpp >&5
configure:21246: $? = 0
configure:21260: result: yes
configure:21264: checking string presence
configure:21279: g++ -E  conftest.cpp
configure:21286: $? = 0
configure:21300: result: yes
configure:21328: checking for string
configure:21337: result: yes
configure:21370: checking bits/type_traits.h usability
configure:21387: g++ -c -O2  conftest.cpp >&5
conftest.cpp:60:30: fatal error: bits/type_traits.h: No such file or directory
compilation terminated.
configure:21394: $? = 1
configure: failed program was:
| /* confdefs.h.  */
| #define PACKAGE_NAME "PCRE"
| #define PACKAGE_TARNAME "pcre"
| #define PACKAGE_VERSION "7.9"
| #define PACKAGE_STRING "PCRE 7.9"
| #define PACKAGE_BUGREPORT ""
| #define PACKAGE "pcre"
| #define VERSION "7.9"
| #define STDC_HEADERS 1
| #define HAVE_SYS_TYPES_H 1
| #define HAVE_SYS_STAT_H 1
| #define HAVE_STDLIB_H 1
| #define HAVE_STRING_H 1
| #define HAVE_MEMORY_H 1
| #define HAVE_STRINGS_H 1
| #define HAVE_INTTYPES_H 1
| #define HAVE_STDINT_H 1
| #define HAVE_UNISTD_H 1
| #define HAVE_DLFCN_H 1
| #define STDC_HEADERS 1
| #define HAVE_LIMITS_H 1
| #define HAVE_SYS_TYPES_H 1
| #define HAVE_SYS_STAT_H 1
| #define HAVE_DIRENT_H 1
| #define HAVE_STRING 1
| /* end confdefs.h.  */
| #include <stdio.h>
| #ifdef HAVE_SYS_TYPES_H
| # include <sys/types.h>
| #endif
| #ifdef HAVE_SYS_STAT_H
| # include <sys/stat.h>
| #endif
| #ifdef STDC_HEADERS
| # include <stdlib.h>
| # include <stddef.h>
| #else
| # ifdef HAVE_STDLIB_H
| #  include <stdlib.h>
| # endif
| #endif
| #ifdef HAVE_STRING_H
| # if !defined STDC_HEADERS && defined HAVE_MEMORY_H
| #  include <memory.h>
| # endif
| # include <string.h>
| #endif
| #ifdef HAVE_STRINGS_H
| # include <strings.h>
| #endif
| #ifdef HAVE_INTTYPES_H
| # include <inttypes.h>
| #endif
| #ifdef HAVE_STDINT_H
| # include <stdint.h>
| #endif
| #ifdef HAVE_UNISTD_H
| # include <unistd.h>
| #endif
| #include <bits/type_traits.h>
configure:21408: result: no
configure:21412: checking bits/type_traits.h presence
configure:21427: g++ -E  conftest.cpp
conftest.cpp:27:30: fatal error: bits/type_traits.h: No such file or directory
compilation terminated.
configure:21434: $? = 1
configure: failed program was:
| /* confdefs.h.  */
| #define PACKAGE_NAME "PCRE"
| #define PACKAGE_TARNAME "pcre"
| #define PACKAGE_VERSION "7.9"
| #define PACKAGE_STRING "PCRE 7.9"
| #define PACKAGE_BUGREPORT ""
| #define PACKAGE "pcre"
| #define VERSION "7.9"
| #define STDC_HEADERS 1
| #define HAVE_SYS_TYPES_H 1
| #define HAVE_SYS_STAT_H 1
| #define HAVE_STDLIB_H 1
| #define HAVE_STRING_H 1
| #define HAVE_MEMORY_H 1
| #define HAVE_STRINGS_H 1
| #define HAVE_INTTYPES_H 1
| #define HAVE_STDINT_H 1
| #define HAVE_UNISTD_H 1
| #define HAVE_DLFCN_H 1
| #define STDC_HEADERS 1
| #define HAVE_LIMITS_H 1
| #define HAVE_SYS_TYPES_H 1
| #define HAVE_SYS_STAT_H 1
| #define HAVE_DIRENT_H 1
| #define HAVE_STRING 1
| /* end confdefs.h.  */
| #include <bits/type_traits.h>
configure:21448: result: no
configure:21476: checking for bits/type_traits.h
configure:21485: result: no
configure:21518: checking type_traits.h usability
configure:21535: g++ -c -O2  conftest.cpp >&5
conftest.cpp:60:25: fatal error: type_traits.h: No such file or directory
compilation terminated.
configure:21542: $? = 1
configure: failed program was:
| /* confdefs.h.  */
| #define PACKAGE_NAME "PCRE"
| #define PACKAGE_TARNAME "pcre"
| #define PACKAGE_VERSION "7.9"
| #define PACKAGE_STRING "PCRE 7.9"
| #define PACKAGE_BUGREPORT ""
| #define PACKAGE "pcre"
| #define VERSION "7.9"
| #define STDC_HEADERS 1
| #define HAVE_SYS_TYPES_H 1
| #define HAVE_SYS_STAT_H 1
| #define HAVE_STDLIB_H 1
| #define HAVE_STRING_H 1
| #define HAVE_MEMORY_H 1
| #define HAVE_STRINGS_H 1
| #define HAVE_INTTYPES_H 1
| #define HAVE_STDINT_H 1
| #define HAVE_UNISTD_H 1
| #define HAVE_DLFCN_H 1
| #define STDC_HEADERS 1
| #define HAVE_LIMITS_H 1
| #define HAVE_SYS_TYPES_H 1
| #define HAVE_SYS_STAT_H 1
| #define HAVE_DIRENT_H 1
| #define HAVE_STRING 1
| /* end confdefs.h.  */
| #include <stdio.h>
| #ifdef HAVE_SYS_TYPES_H
| # include <sys/types.h>
| #endif
| #ifdef HAVE_SYS_STAT_H
| # include <sys/stat.h>
| #endif
| #ifdef STDC_HEADERS
| # include <stdlib.h>
| # include <stddef.h>
| #else
| # ifdef HAVE_STDLIB_H
| #  include <stdlib.h>
| # endif
| #endif
| #ifdef HAVE_STRING_H
| # if !defined STDC_HEADERS && defined HAVE_MEMORY_H
| #  include <memory.h>
| # endif
| # include <string.h>
| #endif
| #ifdef HAVE_STRINGS_H
| # include <strings.h>
| #endif
| #ifdef HAVE_INTTYPES_H
| # include <inttypes.h>
| #endif
| #ifdef HAVE_STDINT_H
| # include <stdint.h>
| #endif
| #ifdef HAVE_UNISTD_H
| # include <unistd.h>
| #endif
| #include <type_traits.h>
configure:21556: result: no
configure:21560: checking type_traits.h presence
configure:21575: g++ -E  conftest.cpp
conftest.cpp:27:25: fatal error: type_traits.h: No such file or directory
compilation terminated.
configure:21582: $? = 1
configure: failed program was:
| /* confdefs.h.  */
| #define PACKAGE_NAME "PCRE"
| #define PACKAGE_TARNAME "pcre"
| #define PACKAGE_VERSION "7.9"
| #define PACKAGE_STRING "PCRE 7.9"
| #define PACKAGE_BUGREPORT ""
| #define PACKAGE "pcre"
| #define VERSION "7.9"
| #define STDC_HEADERS 1
| #define HAVE_SYS_TYPES_H 1
| #define HAVE_SYS_STAT_H 1
| #define HAVE_STDLIB_H 1
| #define HAVE_STRING_H 1
| #define HAVE_MEMORY_H 1
| #define HAVE_STRINGS_H 1
| #define HAVE_INTTYPES_H 1
| #define HAVE_STDINT_H 1
| #define HAVE_UNISTD_H 1
| #define HAVE_DLFCN_H 1
| #define STDC_HEADERS 1
| #define HAVE_LIMITS_H 1
| #define HAVE_SYS_TYPES_H 1
| #define HAVE_SYS_STAT_H 1
| #define HAVE_DIRENT_H 1
| #define HAVE_STRING 1
| /* end confdefs.h.  */
| #include <type_traits.h>
configure:21596: result: no
configure:21624: checking for type_traits.h
configure:21633: result: no
configure:21682: checking for an ANSI C-conforming const
configure:21757: gcc -c -O2 -fomit-frame-pointer -pipe   conftest.c >&5
configure:21764: $? = 0
configure:21779: result: yes
configure:21789: checking for size_t
configure:21817: gcc -c -O2 -fomit-frame-pointer -pipe   conftest.c >&5
configure:21824: $? = 0
configure:21851: gcc -c -O2 -fomit-frame-pointer -pipe   conftest.c >&5
conftest.c: In function 'main':
conftest.c:63:21: error: expected expression before ')' token
configure:21858: $? = 1
configure: failed program was:
| /* confdefs.h.  */
| #define PACKAGE_NAME "PCRE"
| #define PACKAGE_TARNAME "pcre"
| #define PACKAGE_VERSION "7.9"
| #define PACKAGE_STRING "PCRE 7.9"
| #define PACKAGE_BUGREPORT ""
| #define PACKAGE "pcre"
| #define VERSION "7.9"
| #define STDC_HEADERS 1
| #define HAVE_SYS_TYPES_H 1
| #define HAVE_SYS_STAT_H 1
| #define HAVE_STDLIB_H 1
| #define HAVE_STRING_H 1
| #define HAVE_MEMORY_H 1
| #define HAVE_STRINGS_H 1
| #define HAVE_INTTYPES_H 1
| #define HAVE_STDINT_H 1
| #define HAVE_UNISTD_H 1
| #define HAVE_DLFCN_H 1
| #define STDC_HEADERS 1
| #define HAVE_LIMITS_H 1
| #define HAVE_SYS_TYPES_H 1
| #define HAVE_SYS_STAT_H 1
| #define HAVE_DIRENT_H 1
| #define HAVE_STRING 1
| /* end confdefs.h.  */
| #include <stdio.h>
| #ifdef HAVE_SYS_TYPES_H
| # include <sys/types.h>
| #endif
| #ifdef HAVE_SYS_STAT_H
| # include <sys/stat.h>
| #endif
| #ifdef STDC_HEADERS
| # include <stdlib.h>
| # include <stddef.h>
| #else
| # ifdef HAVE_STDLIB_H
| #  include <stdlib.h>
| # endif
| #endif
| #ifdef HAVE_STRING_H
| # if !defined STDC_HEADERS && defined HAVE_MEMORY_H
| #  include <memory.h>
| # endif
| # include <string.h>
| #endif
| #ifdef HAVE_STRINGS_H
| # include <strings.h>
| #endif
| #ifdef HAVE_INTTYPES_H
| # include <inttypes.h>
| #endif
| #ifdef HAVE_STDINT_H
| # include <stdint.h>
| #endif
| #ifdef HAVE_UNISTD_H
| # include <unistd.h>
| #endif
| int
| main ()
| {
| if (sizeof ((size_t)))
| 	  return 0;
|   ;
|   return 0;
| }
configure:21881: result: yes
configure:21901: checking for strtoq
configure:21957: gcc -o conftest -O2 -fomit-frame-pointer -pipe    conftest.c  >&5
configure:21964: $? = 0
configure:21986: result: yes
configure:22004: checking for long long
configure:22032: gcc -c -O2 -fomit-frame-pointer -pipe   conftest.c >&5
configure:22039: $? = 0
configure:22066: gcc -c -O2 -fomit-frame-pointer -pipe   conftest.c >&5
conftest.c: In function 'main':
conftest.c:64:24: error: expected expression before ')' token
configure:22073: $? = 1
configure: failed program was:
| /* confdefs.h.  */
| #define PACKAGE_NAME "PCRE"
| #define PACKAGE_TARNAME "pcre"
| #define PACKAGE_VERSION "7.9"
| #define PACKAGE_STRING "PCRE 7.9"
| #define PACKAGE_BUGREPORT ""
| #define PACKAGE "pcre"
| #define VERSION "7.9"
| #define STDC_HEADERS 1
| #define HAVE_SYS_TYPES_H 1
| #define HAVE_SYS_STAT_H 1
| #define HAVE_STDLIB_H 1
| #define HAVE_STRING_H 1
| #define HAVE_MEMORY_H 1
| #define HAVE_STRINGS_H 1
| #define HAVE_INTTYPES_H 1
| #define HAVE_STDINT_H 1
| #define HAVE_UNISTD_H 1
| #define HAVE_DLFCN_H 1
| #define STDC_HEADERS 1
| #define HAVE_LIMITS_H 1
| #define HAVE_SYS_TYPES_H 1
| #define HAVE_SYS_STAT_H 1
| #define HAVE_DIRENT_H 1
| #define HAVE_STRING 1
| #define HAVE_STRTOQ 1
| /* end confdefs.h.  */
| #include <stdio.h>
| #ifdef HAVE_SYS_TYPES_H
| # include <sys/types.h>
| #endif
| #ifdef HAVE_SYS_STAT_H
| # include <sys/stat.h>
| #endif
| #ifdef STDC_HEADERS
| # include <stdlib.h>
| # include <stddef.h>
| #else
| # ifdef HAVE_STDLIB_H
| #  include <stdlib.h>
| # endif
| #endif
| #ifdef HAVE_STRING_H
| # if !defined STDC_HEADERS && defined HAVE_MEMORY_H
| #  include <memory.h>
| # endif
| # include <string.h>
| #endif
| #ifdef HAVE_STRINGS_H
| # include <strings.h>
| #endif
| #ifdef HAVE_INTTYPES_H
| # include <inttypes.h>
| #endif
| #ifdef HAVE_STDINT_H
| # include <stdint.h>
| #endif
| #ifdef HAVE_UNISTD_H
| # include <unistd.h>
| #endif
| int
| main ()
| {
| if (sizeof ((long long)))
| 	  return 0;
|   ;
|   return 0;
| }
configure:22096: result: yes
configure:22109: checking for unsigned long long
configure:22137: gcc -c -O2 -fomit-frame-pointer -pipe   conftest.c >&5
configure:22144: $? = 0
configure:22171: gcc -c -O2 -fomit-frame-pointer -pipe   conftest.c >&5
conftest.c: In function 'main':
conftest.c:65:33: error: expected expression before ')' token
configure:22178: $? = 1
configure: failed program was:
| /* confdefs.h.  */
| #define PACKAGE_NAME "PCRE"
| #define PACKAGE_TARNAME "pcre"
| #define PACKAGE_VERSION "7.9"
| #define PACKAGE_STRING "PCRE 7.9"
| #define PACKAGE_BUGREPORT ""
| #define PACKAGE "pcre"
| #define VERSION "7.9"
| #define STDC_HEADERS 1
| #define HAVE_SYS_TYPES_H 1
| #define HAVE_SYS_STAT_H 1
| #define HAVE_STDLIB_H 1
| #define HAVE_STRING_H 1
| #define HAVE_MEMORY_H 1
| #define HAVE_STRINGS_H 1
| #define HAVE_INTTYPES_H 1
| #define HAVE_STDINT_H 1
| #define HAVE_UNISTD_H 1
| #define HAVE_DLFCN_H 1
| #define STDC_HEADERS 1
| #define HAVE_LIMITS_H 1
| #define HAVE_SYS_TYPES_H 1
| #define HAVE_SYS_STAT_H 1
| #define HAVE_DIRENT_H 1
| #define HAVE_STRING 1
| #define HAVE_STRTOQ 1
| #define HAVE_LONG_LONG 1
| /* end confdefs.h.  */
| #include <stdio.h>
| #ifdef HAVE_SYS_TYPES_H
| # include <sys/types.h>
| #endif
| #ifdef HAVE_SYS_STAT_H
| # include <sys/stat.h>
| #endif
| #ifdef STDC_HEADERS
| # include <stdlib.h>
| # include <stddef.h>
| #else
| # ifdef HAVE_STDLIB_H
| #  include <stdlib.h>
| # endif
| #endif
| #ifdef HAVE_STRING_H
| # if !defined STDC_HEADERS && defined HAVE_MEMORY_H
| #  include <memory.h>
| # endif
| # include <string.h>
| #endif
| #ifdef HAVE_STRINGS_H
| # include <strings.h>
| #endif
| #ifdef HAVE_INTTYPES_H
| # include <inttypes.h>
| #endif
| #ifdef HAVE_STDINT_H
| # include <stdint.h>
| #endif
| #ifdef HAVE_UNISTD_H
| # include <unistd.h>
| #endif
| int
| main ()
| {
| if (sizeof ((unsigned long long)))
| 	  return 0;
|   ;
|   return 0;
| }
configure:22201: result: yes
configure:22226: checking for bcopy
configure:22282: gcc -o conftest -O2 -fomit-frame-pointer -pipe    conftest.c  >&5
conftest.c:53:6: warning: conflicting types for built-in function 'bcopy' [enabled by default]
configure:22289: $? = 0
configure:22311: result: yes
configure:22226: checking for memmove
configure:22282: gcc -o conftest -O2 -fomit-frame-pointer -pipe    conftest.c  >&5
conftest.c:54:6: warning: conflicting types for built-in function 'memmove' [enabled by default]
configure:22289: $? = 0
configure:22311: result: yes
configure:22226: checking for strerror
configure:22282: gcc -o conftest -O2 -fomit-frame-pointer -pipe    conftest.c  >&5
configure:22289: $? = 0
configure:22311: result: yes
configure:22342: checking zlib.h usability
configure:22359: gcc -c -O2 -fomit-frame-pointer -pipe   conftest.c >&5
configure:22366: $? = 0
configure:22380: result: yes
configure:22384: checking zlib.h presence
configure:22399: gcc -E  conftest.c
configure:22406: $? = 0
configure:22420: result: yes
configure:22448: checking for zlib.h
configure:22457: result: yes
configure:22472: checking for gzopen in -lz
configure:22507: gcc -o conftest -O2 -fomit-frame-pointer -pipe    conftest.c -lz   >&5
configure:22514: $? = 0
configure:22535: result: yes
configure:22560: checking bzlib.h usability
configure:22577: gcc -c -O2 -fomit-frame-pointer -pipe   conftest.c >&5
conftest.c:67:19: fatal error: bzlib.h: No such file or directory
compilation terminated.
configure:22584: $? = 1
configure: failed program was:
| /* confdefs.h.  */
| #define PACKAGE_NAME "PCRE"
| #define PACKAGE_TARNAME "pcre"
| #define PACKAGE_VERSION "7.9"
| #define PACKAGE_STRING "PCRE 7.9"
| #define PACKAGE_BUGREPORT ""
| #define PACKAGE "pcre"
| #define VERSION "7.9"
| #define STDC_HEADERS 1
| #define HAVE_SYS_TYPES_H 1
| #define HAVE_SYS_STAT_H 1
| #define HAVE_STDLIB_H 1
| #define HAVE_STRING_H 1
| #define HAVE_MEMORY_H 1
| #define HAVE_STRINGS_H 1
| #define HAVE_INTTYPES_H 1
| #define HAVE_STDINT_H 1
| #define HAVE_UNISTD_H 1
| #define HAVE_DLFCN_H 1
| #define STDC_HEADERS 1
| #define HAVE_LIMITS_H 1
| #define HAVE_SYS_TYPES_H 1
| #define HAVE_SYS_STAT_H 1
| #define HAVE_DIRENT_H 1
| #define HAVE_STRING 1
| #define HAVE_STRTOQ 1
| #define HAVE_LONG_LONG 1
| #define HAVE_UNSIGNED_LONG_LONG 1
| #define HAVE_BCOPY 1
| #define HAVE_MEMMOVE 1
| #define HAVE_STRERROR 1
| #define HAVE_ZLIB_H 1
| /* end confdefs.h.  */
| #include <stdio.h>
| #ifdef HAVE_SYS_TYPES_H
| # include <sys/types.h>
| #endif
| #ifdef HAVE_SYS_STAT_H
| # include <sys/stat.h>
| #endif
| #ifdef STDC_HEADERS
| # include <stdlib.h>
| # include <stddef.h>
| #else
| # ifdef HAVE_STDLIB_H
| #  include <stdlib.h>
| # endif
| #endif
| #ifdef HAVE_STRING_H
| # if !defined STDC_HEADERS && defined HAVE_MEMORY_H
| #  include <memory.h>
| # endif
| # include <string.h>
| #endif
| #ifdef HAVE_STRINGS_H
| # include <strings.h>
| #endif
| #ifdef HAVE_INTTYPES_H
| # include <inttypes.h>
| #endif
| #ifdef HAVE_STDINT_H
| # include <stdint.h>
| #endif
| #ifdef HAVE_UNISTD_H
| # include <unistd.h>
| #endif
| #include <bzlib.h>
configure:22598: result: no
configure:22602: checking bzlib.h presence
configure:22617: gcc -E  conftest.c
conftest.c:34:19: fatal error: bzlib.h: No such file or directory
compilation terminated.
configure:22624: $? = 1
configure: failed program was:
| /* confdefs.h.  */
| #define PACKAGE_NAME "PCRE"
| #define PACKAGE_TARNAME "pcre"
| #define PACKAGE_VERSION "7.9"
| #define PACKAGE_STRING "PCRE 7.9"
| #define PACKAGE_BUGREPORT ""
| #define PACKAGE "pcre"
| #define VERSION "7.9"
| #define STDC_HEADERS 1
| #define HAVE_SYS_TYPES_H 1
| #define HAVE_SYS_STAT_H 1
| #define HAVE_STDLIB_H 1
| #define HAVE_STRING_H 1
| #define HAVE_MEMORY_H 1
| #define HAVE_STRINGS_H 1
| #define HAVE_INTTYPES_H 1
| #define HAVE_STDINT_H 1
| #define HAVE_UNISTD_H 1
| #define HAVE_DLFCN_H 1
| #define STDC_HEADERS 1
| #define HAVE_LIMITS_H 1
| #define HAVE_SYS_TYPES_H 1
| #define HAVE_SYS_STAT_H 1
| #define HAVE_DIRENT_H 1
| #define HAVE_STRING 1
| #define HAVE_STRTOQ 1
| #define HAVE_LONG_LONG 1
| #define HAVE_UNSIGNED_LONG_LONG 1
| #define HAVE_BCOPY 1
| #define HAVE_MEMMOVE 1
| #define HAVE_STRERROR 1
| #define HAVE_ZLIB_H 1
| /* end confdefs.h.  */
| #include <bzlib.h>
configure:22638: result: no
configure:22666: checking for bzlib.h
configure:22675: result: no
configure:22690: checking for BZ2_bzopen in -lbz2
configure:22725: gcc -o conftest -O2 -fomit-frame-pointer -pipe    conftest.c -lbz2   >&5
/usr/bin/ld: cannot find -lbz2
collect2: ld returned 1 exit status
configure:22732: $? = 1
configure: failed program was:
| /* confdefs.h.  */
| #define PACKAGE_NAME "PCRE"
| #define PACKAGE_TARNAME "pcre"
| #define PACKAGE_VERSION "7.9"
| #define PACKAGE_STRING "PCRE 7.9"
| #define PACKAGE_BUGREPORT ""
| #define PACKAGE "pcre"
| #define VERSION "7.9"
| #define STDC_HEADERS 1
| #define HAVE_SYS_TYPES_H 1
| #define HAVE_SYS_STAT_H 1
| #define HAVE_STDLIB_H 1
| #define HAVE_STRING_H 1
| #define HAVE_MEMORY_H 1
| #define HAVE_STRINGS_H 1
| #define HAVE_INTTYPES_H 1
| #define HAVE_STDINT_H 1
| #define HAVE_UNISTD_H 1
| #define HAVE_DLFCN_H 1
| #define STDC_HEADERS 1
| #define HAVE_LIMITS_H 1
| #define HAVE_SYS_TYPES_H 1
| #define HAVE_SYS_STAT_H 1
| #define HAVE_DIRENT_H 1
| #define HAVE_STRING 1
| #define HAVE_STRTOQ 1
| #define HAVE_LONG_LONG 1
| #define HAVE_UNSIGNED_LONG_LONG 1
| #define HAVE_BCOPY 1
| #define HAVE_MEMMOVE 1
| #define HAVE_STRERROR 1
| #define HAVE_ZLIB_H 1
| /* end confdefs.h.  */
| 
| /* Override any GCC internal prototype to avoid an error.
|    Use char because int might match the return type of a GCC
|    builtin and then its argument prototype would still apply.  */
| #ifdef __cplusplus
| extern "C"
| #endif
| char BZ2_bzopen ();
| int
| main ()
| {
| return BZ2_bzopen ();
|   ;
|   return 0;
| }
configure:22753: result: no
configure:22778: checking readline/readline.h usability
configure:22795: gcc -c -O2 -fomit-frame-pointer -pipe   conftest.c >&5
configure:22802: $? = 0
configure:22816: result: yes
configure:22820: checking readline/readline.h presence
configure:22835: gcc -E  conftest.c
configure:22842: $? = 0
configure:22856: result: yes
configure:22884: checking for readline/readline.h
configure:22893: result: yes
configure:22924: checking readline/history.h usability
configure:22941: gcc -c -O2 -fomit-frame-pointer -pipe   conftest.c >&5
configure:22948: $? = 0
configure:22962: result: yes
configure:22966: checking readline/history.h presence
configure:22981: gcc -E  conftest.c
configure:22988: $? = 0
configure:23002: result: yes
configure:23030: checking for readline/history.h
configure:23039: result: yes
configure:23054: checking for readline in -lreadline
configure:23089: gcc -o conftest -O2 -fomit-frame-pointer -pipe    conftest.c -lreadline   >&5
configure:23096: $? = 0
configure:23117: result: yes
configure:23472: creating ./config.status

## ---------------------- ##
## Running config.status. ##
## ---------------------- ##

This file was extended by PCRE config.status 7.9, which was
generated by GNU Autoconf 2.63.  Invocation command line was

  CONFIG_FILES    = 
  CONFIG_HEADERS  = 
  CONFIG_LINKS    = 
  CONFIG_COMMANDS = 
  $ ./config.status 

on AY140607183050278fb7Z

config.status:849: creating Makefile
config.status:849: creating libpcre.pc
config.status:849: creating libpcrecpp.pc
config.status:849: creating pcre-config
config.status:849: creating pcre.h
config.status:849: creating pcre_stringpiece.h
config.status:849: creating pcrecpparg.h
config.status:849: creating config.h
config.status:1123: executing depfiles commands
config.status:1123: executing script-chmod commands
config.status:1123: executing delete-old-chartables commands

## ---------------- ##
## Cache variables. ##
## ---------------- ##

ac_cv_build=x86_64-unknown-linux-gnu
ac_cv_c_compiler_gnu=yes
ac_cv_c_const=yes
ac_cv_cxx_compiler_gnu=yes
ac_cv_env_CCC_set=
ac_cv_env_CCC_value=
ac_cv_env_CC_set=set
ac_cv_env_CC_value=gcc
ac_cv_env_CFLAGS_set=set
ac_cv_env_CFLAGS_value='-O2 -fomit-frame-pointer -pipe '
ac_cv_env_CPPFLAGS_set=
ac_cv_env_CPPFLAGS_value=
ac_cv_env_CPP_set=
ac_cv_env_CPP_value=
ac_cv_env_CXXCPP_set=
ac_cv_env_CXXCPP_value=
ac_cv_env_CXXFLAGS_set=
ac_cv_env_CXXFLAGS_value=
ac_cv_env_CXX_set=
ac_cv_env_CXX_value=
ac_cv_env_F77_set=
ac_cv_env_F77_value=
ac_cv_env_FFLAGS_set=
ac_cv_env_FFLAGS_value=
ac_cv_env_LDFLAGS_set=
ac_cv_env_LDFLAGS_value=
ac_cv_env_LIBS_set=
ac_cv_env_LIBS_value=
ac_cv_env_build_alias_set=
ac_cv_env_build_alias_value=
ac_cv_env_host_alias_set=
ac_cv_env_host_alias_value=
ac_cv_env_target_alias_set=
ac_cv_env_target_alias_value=
ac_cv_f77_compiler_gnu=no
ac_cv_func_bcopy=yes
ac_cv_func_memmove=yes
ac_cv_func_strerror=yes
ac_cv_func_strtoq=yes
ac_cv_header_bits_type_traits_h=no
ac_cv_header_bzlib_h=no
ac_cv_header_dirent_h=yes
ac_cv_header_dlfcn_h=yes
ac_cv_header_inttypes_h=yes
ac_cv_header_limits_h=yes
ac_cv_header_memory_h=yes
ac_cv_header_readline_history_h=yes
ac_cv_header_readline_readline_h=yes
ac_cv_header_stdc=yes
ac_cv_header_stdint_h=yes
ac_cv_header_stdlib_h=yes
ac_cv_header_string=yes
ac_cv_header_string_h=yes
ac_cv_header_strings_h=yes
ac_cv_header_sys_stat_h=yes
ac_cv_header_sys_types_h=yes
ac_cv_header_type_traits_h=no
ac_cv_header_unistd_h=yes
ac_cv_header_windows_h=no
ac_cv_header_zlib_h=yes
ac_cv_host=x86_64-unknown-linux-gnu
ac_cv_lib_bz2_BZ2_bzopen=no
ac_cv_lib_readline_readline=yes
ac_cv_lib_z_gzopen=yes
ac_cv_objext=o
ac_cv_path_EGREP='/bin/grep -E'
ac_cv_path_GREP=/bin/grep
ac_cv_path_install='/usr/bin/install -c'
ac_cv_path_mkdir=/bin/mkdir
ac_cv_prog_AWK=gawk
ac_cv_prog_CPP='gcc -E'
ac_cv_prog_CXXCPP='g++ -E'
ac_cv_prog_ac_ct_AR=ar
ac_cv_prog_ac_ct_CC=gcc
ac_cv_prog_ac_ct_CXX=g++
ac_cv_prog_ac_ct_RANLIB=ranlib
ac_cv_prog_ac_ct_STRIP=strip
ac_cv_prog_cc_c89=
ac_cv_prog_cc_g=yes
ac_cv_prog_cxx_g=yes
ac_cv_prog_f77_g=no
ac_cv_prog_make_make_set=yes
ac_cv_type_long_long=yes
ac_cv_type_size_t=yes
ac_cv_type_unsigned_long_long=yes
am_cv_CC_dependencies_compiler_type=gcc3
am_cv_CXX_dependencies_compiler_type=gcc3
lt_cv_deplibs_check_method=pass_all
lt_cv_file_magic_cmd='$MAGIC_CMD'
lt_cv_file_magic_test_file=
lt_cv_ld_reload_flag=-r
lt_cv_objdir=.libs
lt_cv_path_LD=/usr/bin/ld
lt_cv_path_LDCXX='/usr/bin/ld -m elf_x86_64'
lt_cv_path_NM='/usr/bin/nm -B'
lt_cv_path_SED=/bin/sed
lt_cv_prog_compiler_c_o=yes
lt_cv_prog_compiler_c_o_CXX=yes
lt_cv_prog_compiler_pic_works=yes
lt_cv_prog_compiler_pic_works_CXX=yes
lt_cv_prog_compiler_rtti_exceptions=no
lt_cv_prog_compiler_static_works=yes
lt_cv_prog_compiler_static_works_CXX=yes
lt_cv_prog_gnu_ld=yes
lt_cv_prog_gnu_ldcxx=yes
lt_cv_sys_global_symbol_pipe='sed -n -e '\''s/^.*[ 	]\([ABCDGIRSTW][ABCDGIRSTW]*\)[ 	][ 	]*\([_A-Za-z][_A-Za-z0-9]*\)$/\1 \2 \2/p'\'''
lt_cv_sys_global_symbol_to_c_name_address='sed -n -e '\''s/^: \([^ ]*\) $/  {\"\1\", (lt_ptr) 0},/p'\'' -e '\''s/^[BCDEGRST] \([^ ]*\) \([^ ]*\)$/  {"\2", (lt_ptr) \&\2},/p'\'''
lt_cv_sys_global_symbol_to_cdecl='sed -n -e '\''s/^. .* \(.*\)$/extern int \1;/p'\'''
lt_cv_sys_lib_dlsearch_path_spec='/lib /usr/lib /usr/local/lib /lib/x86_64-linux-gnu /usr/lib/x86_64-linux-gnu '
lt_cv_sys_lib_search_path_spec='/usr/lib/gcc/x86_64-linux-gnu/4.6 /usr/lib/x86_64-linux-gnu /usr/lib /lib/x86_64-linux-gnu /lib'
lt_cv_sys_max_cmd_len=3458764513820540925
lt_lt_cv_prog_compiler_c_o='"yes"'
lt_lt_cv_prog_compiler_c_o_CXX='"yes"'
lt_lt_cv_sys_global_symbol_pipe='"sed -n -e '\''s/^.*[ 	]\\([ABCDGIRSTW][ABCDGIRSTW]*\\)[ 	][ 	]*\\([_A-Za-z][_A-Za-z0-9]*\\)\$/\\1 \\2 \\2/p'\''"'
lt_lt_cv_sys_global_symbol_to_c_name_address='"sed -n -e '\''s/^: \\([^ ]*\\) \$/  {\\\"\\1\\\", (lt_ptr) 0},/p'\'' -e '\''s/^[BCDEGRST] \\([^ ]*\\) \\([^ ]*\\)\$/  {\"\\2\", (lt_ptr) \\&\\2},/p'\''"'
lt_lt_cv_sys_global_symbol_to_cdecl='"sed -n -e '\''s/^. .* \\(.*\\)\$/extern int \\1;/p'\''"'

## ----------------- ##
## Output variables. ##
## ----------------- ##

ACLOCAL='${SHELL} /data/projects/shell/ubuntu/pcre-7.9/missing --run aclocal-1.10'
AMDEPBACKSLASH='\'
AMDEP_FALSE='#'
AMDEP_TRUE=''
AMTAR='${SHELL} /data/projects/shell/ubuntu/pcre-7.9/missing --run tar'
AR='ar'
AS='as'
AUTOCONF='${SHELL} /data/projects/shell/ubuntu/pcre-7.9/missing --run autoconf'
AUTOHEADER='${SHELL} /data/projects/shell/ubuntu/pcre-7.9/missing --run autoheader'
AUTOMAKE='${SHELL} /data/projects/shell/ubuntu/pcre-7.9/missing --run automake-1.10'
AWK='gawk'
CC='gcc'
CCDEPMODE='depmode=gcc3'
CFLAGS='-O2 -fomit-frame-pointer -pipe '
CPP='gcc -E'
CPPFLAGS=''
CXX='g++'
CXXCPP='g++ -E'
CXXDEPMODE='depmode=gcc3'
CXXFLAGS='-O2'
CYGPATH_W='echo'
DEFS='-DHAVE_CONFIG_H'
DEPDIR='.deps'
DISTCHECK_CONFIGURE_FLAGS='--enable-cpp --enable-unicode-properties'
DLLTOOL='dlltool'
DSYMUTIL=''
ECHO='echo'
ECHO_C=''
ECHO_N='-n'
ECHO_T=''
EGREP='/bin/grep -E'
EXEEXT=''
EXTRA_LIBPCRECPP_LDFLAGS='                            -version-info 0:0:0                           '
EXTRA_LIBPCREPOSIX_LDFLAGS='                              -version-info 0:0:0'
EXTRA_LIBPCRE_LDFLAGS='                         -version-info 0:1:0'
F77=''
FFLAGS=''
GREP='/bin/grep'
INSTALL_DATA='${INSTALL} -m 644'
INSTALL_PROGRAM='${INSTALL}'
INSTALL_SCRIPT='${INSTALL}'
INSTALL_STRIP_PROGRAM='$(install_sh) -c -s'
LDFLAGS=''
LIBBZ2=''
LIBOBJS=''
LIBREADLINE=''
LIBS=''
LIBTOOL='$(SHELL) $(top_builddir)/libtool'
LIBZ=''
LN_S='ln -s'
LTLIBOBJS=''
MAKEINFO='${SHELL} /data/projects/shell/ubuntu/pcre-7.9/missing --run makeinfo'
MKDIR_P='/bin/mkdir -p'
NMEDIT=''
OBJDUMP='objdump'
OBJEXT='o'
PACKAGE='pcre'
PACKAGE_BUGREPORT=''
PACKAGE_NAME='PCRE'
PACKAGE_STRING='PCRE 7.9'
PACKAGE_TARNAME='pcre'
PACKAGE_VERSION='7.9'
PATH_SEPARATOR=':'
PCRE_DATE='2009-04-11'
PCRE_MAJOR='7'
PCRE_MINOR='9'
PCRE_PRERELEASE=''
RANLIB='ranlib'
SED='/bin/sed'
SET_MAKE=''
SHELL='/bin/bash'
STRIP='strip'
VERSION='7.9'
WITH_PCRE_CPP_FALSE='#'
WITH_PCRE_CPP_TRUE=''
WITH_REBUILD_CHARTABLES_FALSE=''
WITH_REBUILD_CHARTABLES_TRUE='#'
ac_ct_CC='gcc'
ac_ct_CXX='g++'
ac_ct_F77=''
am__fastdepCC_FALSE='#'
am__fastdepCC_TRUE=''
am__fastdepCXX_FALSE='#'
am__fastdepCXX_TRUE=''
am__include='include'
am__isrc=''
am__leading_dot='.'
am__quote=''
am__tar='${AMTAR} chof - "$$tardir"'
am__untar='${AMTAR} xf -'
bindir='${exec_prefix}/bin'
build='x86_64-unknown-linux-gnu'
build_alias=''
build_cpu='x86_64'
build_os='linux-gnu'
build_vendor='unknown'
datadir='${datarootdir}'
datarootdir='${prefix}/share'
docdir='${datarootdir}/doc/${PACKAGE_TARNAME}'
dvidir='${docdir}'
exec_prefix='${prefix}'
host='x86_64-unknown-linux-gnu'
host_alias=''
host_cpu='x86_64'
host_os='linux-gnu'
host_vendor='unknown'
htmldir='${docdir}/html'
includedir='${prefix}/include'
infodir='${datarootdir}/info'
install_sh='$(SHELL) /data/projects/shell/ubuntu/pcre-7.9/install-sh'
libdir='${exec_prefix}/lib'
libexecdir='${exec_prefix}/libexec'
localedir='${datarootdir}/locale'
localstatedir='${prefix}/var'
mandir='${datarootdir}/man'
mkdir_p='/bin/mkdir -p'
oldincludedir='/usr/include'
pcre_have_bits_type_traits='0'
pcre_have_long_long='1'
pcre_have_type_traits='0'
pcre_have_ulong_long='1'
pdfdir='${docdir}'
prefix='/usr/local'
program_transform_name='s,x,x,'
psdir='${docdir}'
sbindir='${exec_prefix}/sbin'
sharedstatedir='${prefix}/com'
sysconfdir='${prefix}/etc'
target_alias=''

## ----------- ##
## confdefs.h. ##
## ----------- ##

#define PACKAGE_NAME "PCRE"
#define PACKAGE_TARNAME "pcre"
#define PACKAGE_VERSION "7.9"
#define PACKAGE_STRING "PCRE 7.9"
#define PACKAGE_BUGREPORT ""
#define PACKAGE "pcre"
#define VERSION "7.9"
#define STDC_HEADERS 1
#define HAVE_SYS_TYPES_H 1
#define HAVE_SYS_STAT_H 1
#define HAVE_STDLIB_H 1
#define HAVE_STRING_H 1
#define HAVE_MEMORY_H 1
#define HAVE_STRINGS_H 1
#define HAVE_INTTYPES_H 1
#define HAVE_STDINT_H 1
#define HAVE_UNISTD_H 1
#define HAVE_DLFCN_H 1
#define STDC_HEADERS 1
#define HAVE_LIMITS_H 1
#define HAVE_SYS_TYPES_H 1
#define HAVE_SYS_STAT_H 1
#define HAVE_DIRENT_H 1
#define HAVE_STRING 1
#define HAVE_STRTOQ 1
#define HAVE_LONG_LONG 1
#define HAVE_UNSIGNED_LONG_LONG 1
#define HAVE_BCOPY 1
#define HAVE_MEMMOVE 1
#define HAVE_STRERROR 1
#define HAVE_ZLIB_H 1
#define HAVE_READLINE_READLINE_H 1
#define HAVE_READLINE_HISTORY_H 1
#define PCRE_STATIC 1
#define NEWLINE 10
#define LINK_SIZE 2
#define POSIX_MALLOC_THRESHOLD 10
#define MATCH_LIMIT 10000000
#define MATCH_LIMIT_RECURSION MATCH_LIMIT
#define MAX_NAME_SIZE 32
#define MAX_NAME_COUNT 10000

configure: exit 0
